<?xml version="1.0" encoding="UTF-8" ?>
<testsuite failures="0" time="0.015" errors="0" skipped="0" tests="1" name="mahout.recommender.AppTest">
  <properties>
    <property name="java.runtime.name" value="Java(TM) SE Runtime Environment"/>
    <property name="sun.boot.library.path" value="D:\Sun\Java\jdk1.6.0_27\jre\bin"/>
    <property name="java.vm.version" value="20.2-b06"/>
    <property name="java.vm.vendor" value="Sun Microsystems Inc."/>
    <property name="java.vendor.url" value="http://java.sun.com/"/>
    <property name="path.separator" value=";"/>
    <property name="java.vm.name" value="Java HotSpot(TM) Client VM"/>
    <property name="file.encoding.pkg" value="sun.io"/>
    <property name="user.country" value="CN"/>
    <property name="sun.java.launcher" value="SUN_STANDARD"/>
    <property name="sun.os.patch.level" value="Service Pack 3"/>
    <property name="java.vm.specification.name" value="Java Virtual Machine Specification"/>
    <property name="user.dir" value="C:\Documents and Settings\mangli\workspace\stati"/>
    <property name="java.runtime.version" value="1.6.0_27-b07"/>
    <property name="java.awt.graphicsenv" value="sun.awt.Win32GraphicsEnvironment"/>
    <property name="basedir" value="C:\Documents and Settings\mangli\workspace\stati"/>
    <property name="java.endorsed.dirs" value="D:\Sun\Java\jdk1.6.0_27\jre\lib\endorsed"/>
    <property name="os.arch" value="x86"/>
    <property name="surefire.real.class.path" value="C:\Documents and Settings\mangli\workspace\stati\target\surefire\surefirebooter4165690454815172006.jar"/>
    <property name="java.io.tmpdir" value="C:\DOCUME~1\mangli\LOCALS~1\Temp\"/>
    <property name="line.separator" value="
"/>
    <property name="java.vm.specification.vendor" value="Sun Microsystems Inc."/>
    <property name="user.variant" value=""/>
    <property name="os.name" value="Windows XP"/>
    <property name="sun.jnu.encoding" value="GBK"/>
    <property name="java.library.path" value="D:\Sun\Java\jdk1.6.0_27\jre\bin;C:\WINDOWS\Sun\Java\bin;C:\WINDOWS\system32;C:\WINDOWS;C:\WINDOWS\system32;C:\WINDOWS;C:\WINDOWS\System32\Wbem;C:\Program Files\ATI Technologies\ATI.ACE\Core-Static;C:\Program Files\EmEditor;C:\Program Files\Windows Imaging\;C:\WINDOWS\system32;C:\WINDOWS;C:\WINDOWS\System32\Wbem;C:\Program Files\ATI Technologies\ATI.ACE\Core-Static;C:\Program Files\EmEditor;C:\Program Files\Windows Imaging\;D:\cygwin\bin;D:\Sun\Java\jdk1.6.0_27\bin;D:\J\apache-ant-1.8.1\bin;D:\J\apache-maven-2.2.1\bin;D:\webOS\PDK\bin;D:\webOS\SDK\bin;D:\webOS\SDK\bin\novacom;D:\xampplite\php;;."/>
    <property name="surefire.test.class.path" value="C:\Documents and Settings\mangli\workspace\stati\target\test-classes;C:\Documents and Settings\mangli\workspace\stati\target\classes;C:\Documents and Settings\mangli\.m2\repository\junit\junit\3.8.1\junit-3.8.1.jar;C:\Documents and Settings\mangli\.m2\repository\org\apache\mahout\mahout-core\0.5\mahout-core-0.5.jar;C:\Documents and Settings\mangli\.m2\repository\org\apache\mahout\mahout-math\0.5\mahout-math-0.5.jar;C:\Documents and Settings\mangli\.m2\repository\org\uncommons\maths\uncommons-maths\1.2\uncommons-maths-1.2.jar;C:\Documents and Settings\mangli\.m2\repository\com\google\guava\guava\r03\guava-r03.jar;C:\Documents and Settings\mangli\.m2\repository\org\apache\mahout\mahout-collections\1.0\mahout-collections-1.0.jar;C:\Documents and Settings\mangli\.m2\repository\org\apache\hadoop\hadoop-core\0.20.2\hadoop-core-0.20.2.jar;C:\Documents and Settings\mangli\.m2\repository\commons-cli\commons-cli\1.2\commons-cli-1.2.jar;C:\Documents and Settings\mangli\.m2\repository\commons-httpclient\commons-httpclient\3.0.1\commons-httpclient-3.0.1.jar;C:\Documents and Settings\mangli\.m2\repository\commons-codec\commons-codec\1.3\commons-codec-1.3.jar;C:\Documents and Settings\mangli\.m2\repository\commons-dbcp\commons-dbcp\1.2.2\commons-dbcp-1.2.2.jar;C:\Documents and Settings\mangli\.m2\repository\commons-pool\commons-pool\1.4\commons-pool-1.4.jar;C:\Documents and Settings\mangli\.m2\repository\org\slf4j\slf4j-api\1.6.0\slf4j-api-1.6.0.jar;C:\Documents and Settings\mangli\.m2\repository\commons-lang\commons-lang\2.4\commons-lang-2.4.jar;C:\Documents and Settings\mangli\.m2\repository\org\uncommons\watchmaker\watchmaker-framework\0.6.2\watchmaker-framework-0.6.2.jar;C:\Documents and Settings\mangli\.m2\repository\com\google\collections\google-collections\1.0-rc2\google-collections-1.0-rc2.jar;C:\Documents and Settings\mangli\.m2\repository\com\thoughtworks\xstream\xstream\1.3.1\xstream-1.3.1.jar;C:\Documents and Settings\mangli\.m2\repository\xpp3\xpp3_min\1.1.4c\xpp3_min-1.1.4c.jar;C:\Documents and Settings\mangli\.m2\repository\org\apache\lucene\lucene-core\3.1.0\lucene-core-3.1.0.jar;C:\Documents and Settings\mangli\.m2\repository\org\apache\lucene\lucene-analyzers\3.1.0\lucene-analyzers-3.1.0.jar;C:\Documents and Settings\mangli\.m2\repository\org\apache\mahout\commons\commons-cli\2.0-mahout\commons-cli-2.0-mahout.jar;C:\Documents and Settings\mangli\.m2\repository\org\apache\commons\commons-math\2.1\commons-math-2.1.jar;C:\Documents and Settings\mangli\.m2\repository\commons-collections\commons-collections\3.2.1\commons-collections-3.2.1.jar;C:\Documents and Settings\mangli\.m2\repository\org\apache\mahout\mahout-utils\0.5\mahout-utils-0.5.jar;C:\Documents and Settings\mangli\.m2\repository\org\apache\solr\solr-commons-csv\3.1.0\solr-commons-csv-3.1.0.jar;C:\Documents and Settings\mangli\.m2\repository\org\slf4j\slf4j-jcl\1.6.0\slf4j-jcl-1.6.0.jar;C:\Documents and Settings\mangli\.m2\repository\commons-logging\commons-logging\1.1.1\commons-logging-1.1.1.jar;C:\Documents and Settings\mangli\.m2\repository\org\apache\mahout\mahout-examples\0.5\mahout-examples-0.5.jar;C:\Documents and Settings\mangli\.m2\repository\org\apache\lucene\lucene-benchmark\3.1.0\lucene-benchmark-3.1.0.jar;C:\Documents and Settings\mangli\.m2\repository\org\apache\lucene\lucene-highlighter\3.1.0\lucene-highlighter-3.1.0.jar;C:\Documents and Settings\mangli\.m2\repository\org\apache\lucene\lucene-queries\3.1.0\lucene-queries-3.1.0.jar;C:\Documents and Settings\mangli\.m2\repository\jakarta-regexp\jakarta-regexp\1.4\jakarta-regexp-1.4.jar;C:\Documents and Settings\mangli\.m2\repository\org\apache\lucene\lucene-memory\3.1.0\lucene-memory-3.1.0.jar;C:\Documents and Settings\mangli\.m2\repository\commons-beanutils\commons-beanutils\1.7.0\commons-beanutils-1.7.0.jar;C:\Documents and Settings\mangli\.m2\repository\org\apache\commons\commons-compress\1.1\commons-compress-1.1.jar;C:\Documents and Settings\mangli\.m2\repository\commons-digester\commons-digester\1.7\commons-digester-1.7.jar;C:\Documents and Settings\mangli\.m2\repository\xml-apis\xml-apis\1.0.b2\xml-apis-1.0.b2.jar;C:\Documents and Settings\mangli\.m2\repository\org\apache\lucene\lucene-xercesImpl\3.1.0\lucene-xercesImpl-3.1.0.jar;C:\Documents and Settings\mangli\.m2\repository\org\uncommons\watchmaker\watchmaker-swing\0.6.2\watchmaker-swing-0.6.2.jar;C:\Documents and Settings\mangli\.m2\repository\net\java\dev\jets3t\jets3t\0.7.1\jets3t-0.7.1.jar;C:\Documents and Settings\mangli\.m2\repository\org\apache\hadoop\hadoop-lzo\0.4.12\hadoop-lzo-0.4.12.jar;C:\Documents and Settings\mangli\.m2\repository\org\slf4j\slf4j-jdk14\1.6.0\slf4j-jdk14-1.6.0.jar;"/>
    <property name="java.specification.name" value="Java Platform API Specification"/>
    <property name="java.class.version" value="50.0"/>
    <property name="sun.management.compiler" value="HotSpot Client Compiler"/>
    <property name="os.version" value="5.1"/>
    <property name="user.home" value="C:\Documents and Settings\mangli"/>
    <property name="user.timezone" value=""/>
    <property name="java.awt.printerjob" value="sun.awt.windows.WPrinterJob"/>
    <property name="java.specification.version" value="1.6"/>
    <property name="file.encoding" value="GBK"/>
    <property name="user.name" value="mangli"/>
    <property name="java.class.path" value="C:\Documents and Settings\mangli\workspace\stati\target\test-classes;C:\Documents and Settings\mangli\workspace\stati\target\classes;C:\Documents and Settings\mangli\.m2\repository\junit\junit\3.8.1\junit-3.8.1.jar;C:\Documents and Settings\mangli\.m2\repository\org\apache\mahout\mahout-core\0.5\mahout-core-0.5.jar;C:\Documents and Settings\mangli\.m2\repository\org\apache\mahout\mahout-math\0.5\mahout-math-0.5.jar;C:\Documents and Settings\mangli\.m2\repository\org\uncommons\maths\uncommons-maths\1.2\uncommons-maths-1.2.jar;C:\Documents and Settings\mangli\.m2\repository\com\google\guava\guava\r03\guava-r03.jar;C:\Documents and Settings\mangli\.m2\repository\org\apache\mahout\mahout-collections\1.0\mahout-collections-1.0.jar;C:\Documents and Settings\mangli\.m2\repository\org\apache\hadoop\hadoop-core\0.20.2\hadoop-core-0.20.2.jar;C:\Documents and Settings\mangli\.m2\repository\commons-cli\commons-cli\1.2\commons-cli-1.2.jar;C:\Documents and Settings\mangli\.m2\repository\commons-httpclient\commons-httpclient\3.0.1\commons-httpclient-3.0.1.jar;C:\Documents and Settings\mangli\.m2\repository\commons-codec\commons-codec\1.3\commons-codec-1.3.jar;C:\Documents and Settings\mangli\.m2\repository\commons-dbcp\commons-dbcp\1.2.2\commons-dbcp-1.2.2.jar;C:\Documents and Settings\mangli\.m2\repository\commons-pool\commons-pool\1.4\commons-pool-1.4.jar;C:\Documents and Settings\mangli\.m2\repository\org\slf4j\slf4j-api\1.6.0\slf4j-api-1.6.0.jar;C:\Documents and Settings\mangli\.m2\repository\commons-lang\commons-lang\2.4\commons-lang-2.4.jar;C:\Documents and Settings\mangli\.m2\repository\org\uncommons\watchmaker\watchmaker-framework\0.6.2\watchmaker-framework-0.6.2.jar;C:\Documents and Settings\mangli\.m2\repository\com\google\collections\google-collections\1.0-rc2\google-collections-1.0-rc2.jar;C:\Documents and Settings\mangli\.m2\repository\com\thoughtworks\xstream\xstream\1.3.1\xstream-1.3.1.jar;C:\Documents and Settings\mangli\.m2\repository\xpp3\xpp3_min\1.1.4c\xpp3_min-1.1.4c.jar;C:\Documents and Settings\mangli\.m2\repository\org\apache\lucene\lucene-core\3.1.0\lucene-core-3.1.0.jar;C:\Documents and Settings\mangli\.m2\repository\org\apache\lucene\lucene-analyzers\3.1.0\lucene-analyzers-3.1.0.jar;C:\Documents and Settings\mangli\.m2\repository\org\apache\mahout\commons\commons-cli\2.0-mahout\commons-cli-2.0-mahout.jar;C:\Documents and Settings\mangli\.m2\repository\org\apache\commons\commons-math\2.1\commons-math-2.1.jar;C:\Documents and Settings\mangli\.m2\repository\commons-collections\commons-collections\3.2.1\commons-collections-3.2.1.jar;C:\Documents and Settings\mangli\.m2\repository\org\apache\mahout\mahout-utils\0.5\mahout-utils-0.5.jar;C:\Documents and Settings\mangli\.m2\repository\org\apache\solr\solr-commons-csv\3.1.0\solr-commons-csv-3.1.0.jar;C:\Documents and Settings\mangli\.m2\repository\org\slf4j\slf4j-jcl\1.6.0\slf4j-jcl-1.6.0.jar;C:\Documents and Settings\mangli\.m2\repository\commons-logging\commons-logging\1.1.1\commons-logging-1.1.1.jar;C:\Documents and Settings\mangli\.m2\repository\org\apache\mahout\mahout-examples\0.5\mahout-examples-0.5.jar;C:\Documents and Settings\mangli\.m2\repository\org\apache\lucene\lucene-benchmark\3.1.0\lucene-benchmark-3.1.0.jar;C:\Documents and Settings\mangli\.m2\repository\org\apache\lucene\lucene-highlighter\3.1.0\lucene-highlighter-3.1.0.jar;C:\Documents and Settings\mangli\.m2\repository\org\apache\lucene\lucene-queries\3.1.0\lucene-queries-3.1.0.jar;C:\Documents and Settings\mangli\.m2\repository\jakarta-regexp\jakarta-regexp\1.4\jakarta-regexp-1.4.jar;C:\Documents and Settings\mangli\.m2\repository\org\apache\lucene\lucene-memory\3.1.0\lucene-memory-3.1.0.jar;C:\Documents and Settings\mangli\.m2\repository\commons-beanutils\commons-beanutils\1.7.0\commons-beanutils-1.7.0.jar;C:\Documents and Settings\mangli\.m2\repository\org\apache\commons\commons-compress\1.1\commons-compress-1.1.jar;C:\Documents and Settings\mangli\.m2\repository\commons-digester\commons-digester\1.7\commons-digester-1.7.jar;C:\Documents and Settings\mangli\.m2\repository\xml-apis\xml-apis\1.0.b2\xml-apis-1.0.b2.jar;C:\Documents and Settings\mangli\.m2\repository\org\apache\lucene\lucene-xercesImpl\3.1.0\lucene-xercesImpl-3.1.0.jar;C:\Documents and Settings\mangli\.m2\repository\org\uncommons\watchmaker\watchmaker-swing\0.6.2\watchmaker-swing-0.6.2.jar;C:\Documents and Settings\mangli\.m2\repository\net\java\dev\jets3t\jets3t\0.7.1\jets3t-0.7.1.jar;C:\Documents and Settings\mangli\.m2\repository\org\apache\hadoop\hadoop-lzo\0.4.12\hadoop-lzo-0.4.12.jar;C:\Documents and Settings\mangli\.m2\repository\org\slf4j\slf4j-jdk14\1.6.0\slf4j-jdk14-1.6.0.jar;"/>
    <property name="java.vm.specification.version" value="1.0"/>
    <property name="sun.arch.data.model" value="32"/>
    <property name="java.home" value="D:\Sun\Java\jdk1.6.0_27\jre"/>
    <property name="sun.java.command" value="C:\Documents and Settings\mangli\workspace\stati\target\surefire\surefirebooter4165690454815172006.jar C:\Documents and Settings\mangli\workspace\stati\target\surefire\surefire5064823283345713362tmp C:\Documents and Settings\mangli\workspace\stati\target\surefire\surefire1797931839423835607tmp"/>
    <property name="java.specification.vendor" value="Sun Microsystems Inc."/>
    <property name="user.language" value="zh"/>
    <property name="awt.toolkit" value="sun.awt.windows.WToolkit"/>
    <property name="java.vm.info" value="mixed mode, sharing"/>
    <property name="java.version" value="1.6.0_27"/>
    <property name="java.ext.dirs" value="D:\Sun\Java\jdk1.6.0_27\jre\lib\ext;C:\WINDOWS\Sun\Java\lib\ext"/>
    <property name="sun.boot.class.path" value="D:\Sun\Java\jdk1.6.0_27\jre\lib\resources.jar;D:\Sun\Java\jdk1.6.0_27\jre\lib\rt.jar;D:\Sun\Java\jdk1.6.0_27\jre\lib\sunrsasign.jar;D:\Sun\Java\jdk1.6.0_27\jre\lib\jsse.jar;D:\Sun\Java\jdk1.6.0_27\jre\lib\jce.jar;D:\Sun\Java\jdk1.6.0_27\jre\lib\charsets.jar;D:\Sun\Java\jdk1.6.0_27\jre\lib\modules\jdk.boot.jar;D:\Sun\Java\jdk1.6.0_27\jre\classes"/>
    <property name="java.vendor" value="Sun Microsystems Inc."/>
    <property name="localRepository" value="C:\Documents and Settings\mangli\.m2\repository"/>
    <property name="file.separator" value="\"/>
    <property name="java.vendor.url.bug" value="http://java.sun.com/cgi-bin/bugreport.cgi"/>
    <property name="sun.cpu.endian" value="little"/>
    <property name="sun.io.unicode.encoding" value="UnicodeLittle"/>
    <property name="sun.desktop" value="windows"/>
    <property name="sun.cpu.isalist" value="pentium_pro+mmx pentium_pro pentium+mmx pentium i486 i386 i86"/>
  </properties>
  <testcase time="0" classname="mahout.recommender.AppTest" name="testApp"/>
</testsuite>